<?xml version="1.0" encoding="UTF-8"?>
<!-- Generated by org.testng.reporters.JUnitReportReporter -->
<testsuite hostname="DESKTOP-O6I509E" failures="0" tests="1" name="automate_WebApplication.MakeMyTrip" time="9.007" errors="0" timestamp="2023-04-03T17:04:14 IST" skipped="0">
  <testcase classname="automate_WebApplication.MakeMyTrip" name="main" time="9.007"/>
  <system-out/>
</testsuite> <!-- automate_WebApplication.MakeMyTrip -->
