<?xml version="1.0" encoding="UTF-8"?>
<!-- Generated by org.testng.reporters.JUnitReportReporter -->
<testsuite hostname="DESKTOP-O6I509E" failures="0" tests="1" name="automate_WebApplication.ICC_Score" time="9.931" errors="0" timestamp="2023-03-30T12:31:31 IST" skipped="0">
  <testcase classname="automate_WebApplication.ICC_Score" name="main" time="9.931"/>
  <system-out/>
</testsuite> <!-- automate_WebApplication.ICC_Score -->
